2018-12-26 20:47:33,875:データ数：150
2018-12-26 20:47:33,875:訓練誤差の面積: [38.82519051537933]
2018-12-26 20:47:33,875:訓練誤差の振れ: [1.6290474273264444]
2018-12-26 20:47:33,875:汎化誤差の面積: [198.51254805176345]
2018-12-26 20:47:33,875:汎化誤差の振れ: [13.208182513713835]
2018-12-26 20:47:33,875:
2018-12-23 20:44:12,772:データ数：300
2018-12-23 20:44:12,772:訓練誤差の面積: [21.828586197953857]
2018-12-23 20:44:12,772:訓練誤差の振れ: [1.4783538455376353]
2018-12-23 20:44:12,772:汎化誤差の面積: [158.5268059529589]
2018-12-23 20:44:12,772:汎化誤差の振れ: [13.389712288975717]
2018-12-23 20:44:12,772:
2018-12-23 20:47:16,383:データ数：450
2018-12-23 20:47:16,383:訓練誤差の面積: [15.480978010671668]
2018-12-23 20:47:16,383:訓練誤差の振れ: [0.5424697854759855]
2018-12-23 20:47:16,383:汎化誤差の面積: [142.0931373905515]
2018-12-23 20:47:16,383:汎化誤差の振れ: [10.470077544450763]
2018-12-23 20:47:16,383:
2018-12-23 20:51:27,309:データ数：600
2018-12-23 20:51:27,310:訓練誤差の面積: [15.579915990029505]
2018-12-23 20:51:27,310:訓練誤差の振れ: [0.589982778357801]
2018-12-23 20:51:27,310:汎化誤差の面積: [95.81016952749161]
2018-12-23 20:51:27,310:汎化誤差の振れ: [5.410735845565799]
2018-12-23 20:51:27,310:
2018-12-23 20:55:13,182:データ数：750
2018-12-23 20:55:13,182:訓練誤差の面積: [18.544215595934645]
2018-12-23 20:55:13,183:訓練誤差の振れ: [0.9241434148425441]
2018-12-23 20:55:13,183:汎化誤差の面積: [70.80507800328756]
2018-12-23 20:55:13,183:汎化誤差の振れ: [4.232509218156341]
2018-12-23 20:55:13,183:
2018-12-26 19:58:12,479:データ数：900
2018-12-26 19:58:12,479:訓練誤差の面積: [13.39809248206229]
2018-12-26 19:58:12,479:訓練誤差の振れ: [1.244329366603774]
2018-12-26 19:58:12,479:汎化誤差の面積: [38.07402111545887]
2018-12-26 19:58:12,479:汎化誤差の振れ: [3.2861553877592105]
2018-12-26 19:58:12,479:
