2018-12-26 20:58:37,083:データ数：150
2018-12-26 20:58:37,083:訓練誤差の面積: [25.487799766774124]
2018-12-26 20:58:37,083:訓練誤差の振れ: [0.36619959585367273]
2018-12-26 20:58:37,083:汎化誤差の面積: [192.62010845255153]
2018-12-26 20:58:37,083:汎化誤差の振れ: [3.372724473476409]
2018-12-26 20:58:37,083:
2018-12-26 21:02:35,276:データ数：300
2018-12-26 21:02:35,276:訓練誤差の面積: [18.33520319701651]
2018-12-26 21:02:35,277:訓練誤差の振れ: [0.5056109584584138]
2018-12-26 21:02:35,277:汎化誤差の面積: [65.48171450708013]
2018-12-26 21:02:35,277:汎化誤差の振れ: [4.247376359999179]
2018-12-26 21:02:35,277:
2018-12-26 21:06:00,563:データ数：450
2018-12-26 21:06:00,563:訓練誤差の面積: [41.111042464361844]
2018-12-26 21:06:00,563:訓練誤差の振れ: [5.485700950128374]
2018-12-26 21:06:00,563:汎化誤差の面積: [51.58596066360946]
2018-12-26 21:06:00,563:汎化誤差の振れ: [8.577889306470759]
2018-12-26 21:06:00,563:
2018-12-26 21:09:21,294:データ数：600
2018-12-26 21:09:21,294:訓練誤差の面積: [42.528033297884654]
2018-12-26 21:09:21,294:訓練誤差の振れ: [4.952512988296807]
2018-12-26 21:09:21,295:汎化誤差の面積: [81.9599044995111]
2018-12-26 21:09:21,295:汎化誤差の振れ: [11.883027583360677]
2018-12-26 21:09:21,295:
2018-12-26 21:12:29,182:データ数：750
2018-12-26 21:12:29,182:訓練誤差の面積: [19.625544381683632]
2018-12-26 21:12:29,182:訓練誤差の振れ: [1.2030948531155417]
2018-12-26 21:12:29,182:汎化誤差の面積: [81.46714177404792]
2018-12-26 21:12:29,182:汎化誤差の振れ: [4.269203856587405]
2018-12-26 21:12:29,182:
2018-12-26 21:15:41,013:データ数：900
2018-12-26 21:15:41,013:訓練誤差の面積: [15.978754727093758]
2018-12-26 21:15:41,013:訓練誤差の振れ: [1.0667747827374099]
2018-12-26 21:15:41,013:汎化誤差の面積: [29.862056612682427]
2018-12-26 21:15:41,013:汎化誤差の振れ: [3.74571781419217]
2018-12-26 21:15:41,013:
