2018-12-23 19:09:25,491:データ数：150
2018-12-23 19:09:25,491:訓練誤差の面積: [31.347465611280366]
2018-12-23 19:09:25,491:訓練誤差の振れ: [1.1933485195040638]
2018-12-23 19:09:25,492:汎化誤差の面積: [114.31357881394493]
2018-12-23 19:09:25,492:汎化誤差の振れ: [4.524378267582502]
2018-12-23 19:09:25,492:
2018-12-23 19:23:27,553:データ数：300
2018-12-23 19:23:27,553:訓練誤差の面積: [27.90764723624373]
2018-12-23 19:23:27,553:訓練誤差の振れ: [1.1382620668349104]
2018-12-23 19:23:27,553:汎化誤差の面積: [105.99753091144264]
2018-12-23 19:23:27,553:汎化誤差の振れ: [4.6845852425321945]
2018-12-23 19:23:27,553:
2018-12-23 19:30:58,260:データ数：450
2018-12-23 19:30:58,260:訓練誤差の面積: [16.045225110633915]
2018-12-23 19:30:58,260:訓練誤差の振れ: [0.3762970050665813]
2018-12-23 19:30:58,260:汎化誤差の面積: [53.98475317833133]
2018-12-23 19:30:58,260:汎化誤差の振れ: [3.5242723822593702]
2018-12-23 19:30:58,260:
2018-12-26 19:46:06,306:データ数：600
2018-12-26 19:46:06,306:訓練誤差の面積: [18.50074589317316]
2018-12-26 19:46:06,306:訓練誤差の振れ: [0.1582148937525279]
2018-12-26 19:46:06,306:汎化誤差の面積: [30.67600163525085]
2018-12-26 19:46:06,306:汎化誤差の振れ: [1.124630074948069]
2018-12-26 19:46:06,306:
2018-12-26 19:49:30,747:データ数：750
2018-12-26 19:49:30,747:訓練誤差の面積: [26.798033827789308]
2018-12-26 19:49:30,748:訓練誤差の振れ: [3.478421272433479]
2018-12-26 19:49:30,748:汎化誤差の面積: [57.5821521153706]
2018-12-26 19:49:30,748:汎化誤差の振れ: [16.461406651884328]
2018-12-26 19:49:30,748:
2018-12-26 19:54:13,948:データ数：900
2018-12-26 19:54:13,948:訓練誤差の面積: [15.91244293931889]
2018-12-26 19:54:13,949:訓練誤差の振れ: [1.545862269831554]
2018-12-26 19:54:13,949:汎化誤差の面積: [53.910061010220815]
2018-12-26 19:54:13,949:汎化誤差の振れ: [5.655646234750749]
2018-12-26 19:54:13,949:
