2018-12-25 11:47:24,113:データ数：150
2018-12-25 11:47:24,113:訓練誤差の面積: [34.18177337228332]
2018-12-25 11:47:24,113:訓練誤差の振れ: [2.135621716268362]
2018-12-25 11:47:24,113:汎化誤差の面積: [285.54400738023844]
2018-12-25 11:47:24,113:汎化誤差の振れ: [11.914530605077744]
2018-12-25 11:47:24,113:
2018-12-25 11:54:31,216:データ数：300
2018-12-25 11:54:31,216:訓練誤差の面積: [21.001994752588132]
2018-12-25 11:54:31,216:訓練誤差の振れ: [0.4472367937869362]
2018-12-25 11:54:31,216:汎化誤差の面積: [180.51842047746385]
2018-12-25 11:54:31,216:汎化誤差の振れ: [4.58802807331085]
2018-12-25 11:54:31,217:
2018-12-25 12:01:23,177:データ数：450
2018-12-25 12:01:23,177:訓練誤差の面積: [17.361112013046398]
2018-12-25 12:01:23,177:訓練誤差の振れ: [1.3094035511003195]
2018-12-25 12:01:23,177:汎化誤差の面積: [70.6106868770738]
2018-12-25 12:01:23,177:汎化誤差の振れ: [4.677943550050261]
2018-12-25 12:01:23,177:
2018-12-26 20:10:35,616:データ数：600
2018-12-26 20:10:35,616:訓練誤差の面積: [18.42602345041679]
2018-12-26 20:10:35,616:訓練誤差の振れ: [1.4891701787346383]
2018-12-26 20:10:35,616:汎化誤差の面積: [78.51458945149614]
2018-12-26 20:10:35,616:汎化誤差の振れ: [9.066256105899807]
2018-12-26 20:10:35,616:
2018-12-26 20:14:31,374:データ数：750
2018-12-26 20:14:31,374:訓練誤差の面積: [15.84269620468142]
2018-12-26 20:14:31,374:訓練誤差の振れ: [0.7516766884837055]
2018-12-26 20:14:31,374:汎化誤差の面積: [60.20010203064718]
2018-12-26 20:14:31,374:汎化誤差の振れ: [7.43566383048892]
2018-12-26 20:14:31,374:
2018-12-26 20:21:17,178:データ数：900
2018-12-26 20:21:17,178:訓練誤差の面積: [16.83922847899001]
2018-12-26 20:21:17,178:訓練誤差の振れ: [1.9067477245889641]
2018-12-26 20:21:17,178:汎化誤差の面積: [20.428480702104935]
2018-12-26 20:21:17,178:汎化誤差の振れ: [3.0069484096020402]
2018-12-26 20:21:17,178:
