2018-12-23 20:08:40,976:データ数：150
2018-12-23 20:08:40,976:訓練誤差の面積: [25.422143152237307]
2018-12-23 20:08:40,976:訓練誤差の振れ: [1.0396425900980886]
2018-12-23 20:08:40,976:汎化誤差の面積: [249.36017506494656]
2018-12-23 20:08:40,976:汎化誤差の振れ: [7.326466917991637]
2018-12-23 20:08:40,976:
2018-12-23 20:13:31,761:データ数：300
2018-12-23 20:13:31,761:訓練誤差の面積: [25.401962181632406]
2018-12-23 20:13:31,761:訓練誤差の振れ: [0.45080187587700415]
2018-12-23 20:13:31,761:汎化誤差の面積: [212.50415568760985]
2018-12-23 20:13:31,761:汎化誤差の振れ: [3.685462653636936]
2018-12-23 20:13:31,761:
2018-12-23 20:17:42,057:データ数：450
2018-12-23 20:17:42,058:訓練誤差の面積: [33.403191807378064]
2018-12-23 20:17:42,058:訓練誤差の振れ: [1.2373846210466584]
2018-12-23 20:17:42,058:汎化誤差の面積: [105.90084269100194]
2018-12-23 20:17:42,058:汎化誤差の振れ: [5.478209629654883]
2018-12-23 20:17:42,058:
2018-12-23 20:23:05,650:データ数：600
2018-12-23 20:23:05,650:訓練誤差の面積: [31.584603620701557]
2018-12-23 20:23:05,650:訓練誤差の振れ: [1.2308447056384413]
2018-12-23 20:23:05,650:汎化誤差の面積: [127.23135895515217]
2018-12-23 20:23:05,650:汎化誤差の振れ: [4.844212815165521]
2018-12-23 20:23:05,650:
2018-12-23 20:27:05,800:データ数：750
2018-12-23 20:27:05,800:訓練誤差の面積: [17.43582733229477]
2018-12-23 20:27:05,800:訓練誤差の振れ: [0.5639348471268046]
2018-12-23 20:27:05,800:汎化誤差の面積: [125.4384372930857]
2018-12-23 20:27:05,800:汎化誤差の振れ: [10.19200114905834]
2018-12-23 20:27:05,800:
2018-12-23 20:35:28,655:データ数：900
2018-12-23 20:35:28,656:訓練誤差の面積: [17.755662091952694]
2018-12-23 20:35:28,656:訓練誤差の振れ: [1.11397542799204]
2018-12-23 20:35:28,656:汎化誤差の面積: [47.21614058217303]
2018-12-23 20:35:28,656:汎化誤差の振れ: [4.694826606661088]
2018-12-23 20:35:28,656:
