2018-12-26 18:46:09,671:データ数：150
2018-12-26 18:46:09,671:訓練誤差の面積: [41.97028795958136]
2018-12-26 18:46:09,671:訓練誤差の振れ: [3.0484422086738068]
2018-12-26 18:46:09,671:汎化誤差の面積: [149.87489898700267]
2018-12-26 18:46:09,671:汎化誤差の振れ: [7.552502006292346]
2018-12-26 18:46:09,671:
2018-12-26 18:48:38,318:データ数：300
2018-12-26 18:48:38,318:訓練誤差の面積: [34.707641445653245]
2018-12-26 18:48:38,318:訓練誤差の振れ: [2.278143039147833]
2018-12-26 18:48:38,318:汎化誤差の面積: [104.28575480774191]
2018-12-26 18:48:38,318:汎化誤差の振れ: [8.507596969604498]
2018-12-26 18:48:38,318:
2018-12-26 18:51:08,156:データ数：450
2018-12-26 18:51:08,156:訓練誤差の面積: [21.640583698972428]
2018-12-26 18:51:08,156:訓練誤差の振れ: [0.7568203304872365]
2018-12-26 18:51:08,157:汎化誤差の面積: [151.15284970711343]
2018-12-26 18:51:08,157:汎化誤差の振れ: [5.836623921990395]
2018-12-26 18:51:08,157:
2018-12-26 18:53:41,121:データ数：600
2018-12-26 18:53:41,122:訓練誤差の面積: [16.98255557043016]
2018-12-26 18:53:41,122:訓練誤差の振れ: [0.42825926972727174]
2018-12-26 18:53:41,122:汎化誤差の面積: [66.76366300436159]
2018-12-26 18:53:41,122:汎化誤差の振れ: [2.8041303753852778]
2018-12-26 18:53:41,122:
2018-12-26 18:56:17,044:データ数：750
2018-12-26 18:56:17,044:訓練誤差の面積: [12.514031042867524]
2018-12-26 18:56:17,044:訓練誤差の振れ: [0.763367380139238]
2018-12-26 18:56:17,044:汎化誤差の面積: [67.295637520473]
2018-12-26 18:56:17,044:汎化誤差の振れ: [4.434688989073036]
2018-12-26 18:56:17,044:
2018-12-26 18:58:54,956:データ数：900
2018-12-26 18:58:54,956:訓練誤差の面積: [11.799003840063405]
2018-12-26 18:58:54,956:訓練誤差の振れ: [0.5079637109083704]
2018-12-26 18:58:54,956:汎化誤差の面積: [49.180553491646386]
2018-12-26 18:58:54,956:汎化誤差の振れ: [1.79636641591787]
2018-12-26 18:58:54,956:
