2018-12-26 17:21:59,181:データ数：150
2018-12-26 17:21:59,181:訓練誤差の面積: [50.970160321333026]
2018-12-26 17:21:59,181:訓練誤差の振れ: [3.910898467525838]
2018-12-26 17:21:59,182:汎化誤差の面積: [236.71067659287877]
2018-12-26 17:21:59,182:汎化誤差の振れ: [8.790371209383007]
2018-12-26 17:21:59,182:
2018-12-26 17:28:33,727:データ数：300
2018-12-26 17:28:33,727:訓練誤差の面積: [30.023590014167098]
2018-12-26 17:28:33,727:訓練誤差の振れ: [1.3522066929653975]
2018-12-26 17:28:33,727:汎化誤差の面積: [141.13596417672528]
2018-12-26 17:28:33,727:汎化誤差の振れ: [7.498219743371009]
2018-12-26 17:28:33,727:
2018-12-26 17:32:13,085:データ数：450
2018-12-26 17:32:13,085:訓練誤差の面積: [22.056019621882434]
2018-12-26 17:32:13,085:訓練誤差の振れ: [1.0979160237366132]
2018-12-26 17:32:13,085:汎化誤差の面積: [69.45584105085486]
2018-12-26 17:32:13,085:汎化誤差の振れ: [4.6993136033415785]
2018-12-26 17:32:13,085:
2018-12-26 17:35:51,897:データ数：600
2018-12-26 17:35:51,897:訓練誤差の面積: [17.387647569633266]
2018-12-26 17:35:51,897:訓練誤差の振れ: [0.4771101246133114]
2018-12-26 17:35:51,897:汎化誤差の面積: [62.69377055542165]
2018-12-26 17:35:51,897:汎化誤差の振れ: [4.407191291451457]
2018-12-26 17:35:51,897:
2018-12-26 17:39:46,240:データ数：750
2018-12-26 17:39:46,240:訓練誤差の面積: [13.164386441355527]
2018-12-26 17:39:46,240:訓練誤差の振れ: [0.5348746327817914]
2018-12-26 17:39:46,240:汎化誤差の面積: [138.1851949038745]
2018-12-26 17:39:46,240:汎化誤差の振れ: [3.01768255233765]
2018-12-26 17:39:46,240:
2018-12-26 17:43:26,065:データ数：900
2018-12-26 17:43:26,065:訓練誤差の面積: [9.442974635248321]
2018-12-26 17:43:26,065:訓練誤差の振れ: [0.20300354926939163]
2018-12-26 17:43:26,065:汎化誤差の面積: [63.65909231277558]
2018-12-26 17:43:26,065:汎化誤差の振れ: [2.722727097570898]
2018-12-26 17:43:26,065:
