2018-12-26 16:50:11,203:データ数：150
2018-12-26 16:50:11,203:訓練誤差の面積: [45.01790300942255]
2018-12-26 16:50:11,203:訓練誤差の振れ: [5.451784652192159]
2018-12-26 16:50:11,203:汎化誤差の面積: [115.01414838048797]
2018-12-26 16:50:11,203:汎化誤差の振れ: [8.320224791765215]
2018-12-26 16:50:11,203:
2018-12-26 16:54:54,987:データ数：300
2018-12-26 16:54:54,988:訓練誤差の面積: [49.96472514729923]
2018-12-26 16:54:54,988:訓練誤差の振れ: [6.84603322838665]
2018-12-26 16:54:54,988:汎化誤差の面積: [144.28327895506044]
2018-12-26 16:54:54,988:汎化誤差の振れ: [19.84719893336296]
2018-12-26 16:54:54,988:
2018-12-26 17:00:00,169:データ数：450
2018-12-26 17:00:00,170:訓練誤差の面積: [31.931210388458428]
2018-12-26 17:00:00,170:訓練誤差の振れ: [3.939426188011565]
2018-12-26 17:00:00,170:汎化誤差の面積: [167.32211716959435]
2018-12-26 17:00:00,170:汎化誤差の振れ: [7.174846604466438]
2018-12-26 17:00:00,170:
2018-12-26 17:07:42,413:データ数：600
2018-12-26 17:07:42,414:訓練誤差の面積: [15.148780519794883]
2018-12-26 17:07:42,414:訓練誤差の振れ: [0.9416165167676698]
2018-12-26 17:07:42,414:汎化誤差の面積: [99.49144539718877]
2018-12-26 17:07:42,414:汎化誤差の振れ: [5.457021683454518]
2018-12-26 17:07:42,414:
2018-12-26 17:11:52,498:データ数：750
2018-12-26 17:11:52,498:訓練誤差の面積: [14.931951193167869]
2018-12-26 17:11:52,498:訓練誤差の振れ: [0.6017595482953749]
2018-12-26 17:11:52,498:汎化誤差の面積: [86.29739735557396]
2018-12-26 17:11:52,498:汎化誤差の振れ: [3.413918741047385]
2018-12-26 17:11:52,498:
2018-12-26 17:15:23,607:データ数：900
2018-12-26 17:15:23,607:訓練誤差の面積: [17.1771611175725]
2018-12-26 17:15:23,607:訓練誤差の振れ: [1.7098072808712368]
2018-12-26 17:15:23,607:汎化誤差の面積: [71.842703835532]
2018-12-26 17:15:23,607:汎化誤差の振れ: [4.703705824911596]
2018-12-26 17:15:23,607:

