2018-12-26 18:25:45,885:データ数：150
2018-12-26 18:25:45,885:訓練誤差の面積: [30.117796572151605]
2018-12-26 18:25:45,885:訓練誤差の振れ: [0.6288109915330936]
2018-12-26 18:25:45,885:汎化誤差の面積: [94.77985056519663]
2018-12-26 18:25:45,885:汎化誤差の振れ: [2.125942558050158]
2018-12-26 18:25:45,885:
2018-12-26 18:28:12,570:データ数：300
2018-12-26 18:28:12,570:訓練誤差の面積: [20.839666577668392]
2018-12-26 18:28:12,570:訓練誤差の振れ: [0.5339400062293854]
2018-12-26 18:28:12,570:汎化誤差の面積: [169.61675571592522]
2018-12-26 18:28:12,570:汎化誤差の振れ: [4.319778397679324]
2018-12-26 18:28:12,570:
2018-12-26 18:30:43,606:データ数：450
2018-12-26 18:30:43,606:訓練誤差の面積: [19.112073840239724]
2018-12-26 18:30:43,606:訓練誤差の振れ: [0.5070907863991941]
2018-12-26 18:30:43,606:汎化誤差の面積: [158.97643828411688]
2018-12-26 18:30:43,606:汎化誤差の振れ: [6.032877475023276]
2018-12-26 18:30:43,606:
2018-12-26 18:33:14,971:データ数：600
2018-12-26 18:33:14,971:訓練誤差の面積: [15.596434354705723]
2018-12-26 18:33:14,971:訓練誤差の振れ: [0.2615269974084991]
2018-12-26 18:33:14,971:汎化誤差の面積: [107.61854234978335]
2018-12-26 18:33:14,971:汎化誤差の振れ: [5.907659947872162]
2018-12-26 18:33:14,971:
2018-12-26 18:35:49,319:データ数：750
2018-12-26 18:35:49,319:訓練誤差の面積: [13.744249020748343]
2018-12-26 18:35:49,319:訓練誤差の振れ: [0.37450929414898804]
2018-12-26 18:35:49,319:汎化誤差の面積: [75.66944309768147]
2018-12-26 18:35:49,320:汎化誤差の振れ: [3.2484159991145147]
2018-12-26 18:35:49,320:
2018-12-26 18:38:27,931:データ数：900
2018-12-26 18:38:27,931:訓練誤差の面積: [12.879957949739742]
2018-12-26 18:38:27,931:訓練誤差の振れ: [0.4108459547578597]
2018-12-26 18:38:27,931:汎化誤差の面積: [39.97301478745579]
2018-12-26 18:38:27,931:汎化誤差の振れ: [5.45331558212638]
2018-12-26 18:38:27,932:
