2018-12-26 18:01:49,790:データ数：150
2018-12-26 18:01:49,791:訓練誤差の面積: [31.352110904897067]
2018-12-26 18:01:49,791:訓練誤差の振れ: [1.6504947287030494]
2018-12-26 18:01:49,791:汎化誤差の面積: [163.48394784635173]
2018-12-26 18:01:49,791:汎化誤差の振れ: [3.1524005532264763]
2018-12-26 18:01:49,791:
2018-12-26 18:04:16,315:データ数：300
2018-12-26 18:04:16,315:訓練誤差の面積: [26.34898803134547]
2018-12-26 18:04:16,315:訓練誤差の振れ: [0.577679051337323]
2018-12-26 18:04:16,315:汎化誤差の面積: [111.95548270627759]
2018-12-26 18:04:16,315:汎化誤差の振れ: [2.1224010139703737]
2018-12-26 18:04:16,315:
2018-12-26 18:06:45,217:データ数：450
2018-12-26 18:06:45,217:訓練誤差の面積: [19.50845508746454]
2018-12-26 18:06:45,217:訓練誤差の振れ: [0.41398939951794783]
2018-12-26 18:06:45,217:汎化誤差の面積: [128.12106381511]
2018-12-26 18:06:45,217:汎化誤差の振れ: [3.242961168289186]
2018-12-26 18:06:45,217:
2018-12-26 18:09:19,445:データ数：600
2018-12-26 18:09:19,445:訓練誤差の面積: [22.13036874565738]
2018-12-26 18:09:19,445:訓練誤差の振れ: [1.7964550997166902]
2018-12-26 18:09:19,445:汎化誤差の面積: [84.79403429143966]
2018-12-26 18:09:19,445:汎化誤差の振れ: [9.549549922347072]
2018-12-26 18:09:19,445:
2018-12-26 18:11:54,221:データ数：750
2018-12-26 18:11:54,222:訓練誤差の面積: [14.462124813263166]
2018-12-26 18:11:54,222:訓練誤差の振れ: [0.862019553864225]
2018-12-26 18:11:54,222:汎化誤差の面積: [124.00131698322421]
2018-12-26 18:11:54,222:汎化誤差の振れ: [7.36297127604484]
2018-12-26 18:11:54,222:
2018-12-26 18:14:32,513:データ数：900
2018-12-26 18:14:32,513:訓練誤差の面積: [11.484812541839508]
2018-12-26 18:14:32,513:訓練誤差の振れ: [0.5297433187579386]
2018-12-26 18:14:32,513:汎化誤差の面積: [79.77226624895032]
2018-12-26 18:14:32,513:汎化誤差の振れ: [2.835132047533985]
2018-12-26 18:14:32,514:
